proguard-project.txt
# To enable ProGuard in your project, edit project.properties
# to define the proguard.config property as described in that file.
#
# Add project specific ProGuard rules here.
# By default, the flags in this file are appended to flags specified
# in ${sdk.dir}/tools/proguard/proguard-android.txt
# You can edit the include path and order by changing the ProGuard
# include property in project.properties.
#
# For more details, see
#   http://developer.android.com/guide/developing/tools/proguard.html

# Add any project specific keep options here:

# If your project uses WebView with JS, uncomment the following
# and specify the fully qualified class name to the JavaScript interface
# class:
#-keepclassmembers class fqcn.of.javascript.interface.for.webview {
#   public *;
#}

-optimizationpasses 5
#混淆时不会产生形形色色的类名
-dontusemixedcaseclassnames
#指定不去忽略非公共的库类
-dontskipnonpubliclibraryclasses
-dontpreverify
-verbose
-optimizations !code/simplification/arithmetic,!field/*,!class/merging/*
#本app自己的代码
-keep public class * extends android.app.Activity
-keep public class * extends android.app.Application
#-keep class com.naruto.tpms.app.comm.orm.**
#-keep class com.naruto.tpms.app.bean.*
#-keep class com.naruto.tpms.app.bean.DeviceBind
-keep public class * extends android.app.Service
-keep public class * extends android.content.BroadcastReceiver
-keep public class * extends android.content.ContentProvider
-keep public class * extends android.app.backup.BackupAgentHelper
-keep public class * extends android.preference.Preference
-keep public class com.android.vending.licensing.ILicensingService
#保持注解
-keepattributes com.naruto.tpms.app.bean.DeviceBind
#-keep class public interface * {
# public *;
#}
-keepattributes *DeviceBind*
-keepattributes *Annotation*
-keepclasseswithmembers public class com.naruto.tpms.app.bean.DeviceBind {
    public *;
}
-keepclassmembers class * {
 @com.naruto.tpms.app.comm.orm.annotation.Id *;
}
-keepclassmembers class * {
 @com.naruto.tpms.app.comm.orm.annotation.Relations *;
}
-keepclasseswithmembernames class * {
 @com.naruto.tpms.app.comm.orm.annotation.Table *;
}
-keepclasseswithmembernames class * {
 @com.naruto.tpms.app.comm.orm.annotation.Column *;
}
#保护指定的类和类的成员的名称，如果所有指定的类成员出席（在压缩步骤之后）
-keepclasseswithmembernames class * {
    native <methods>;
}

-keepclasseswithmembernames class * {
    public <init>(android.content.Context, android.util.AttributeSet);
}

-keepclasseswithmembernames class * {
    public <init>(android.content.Context, android.util.AttributeSet, int);
}
-keepclasseswithmembernames class  com.naruto.tpms.app.bean.DeviceBind {
}

#保护指定类的成员，如果此类受到保护他们会保护的更好
-keepclassmembers enum * {
    public static **[] values();
    public static ** valueOf(java.lang.String);
}
-keep public class com.naruto.lightcontrol.R$*{
	public static final int *;
}
-keep class * implements android.os.Parcelable {
  public static final android.os.Parcelable$Creator *;
}
#support-v4
#-libraryjars libs/android-support-v4.jar
-dontwarn android.support.v4.**