proguard/seeds.txt
com.naruto.tpms.app.BootReceiver
com.naruto.tpms.app.BootReceiver: BootReceiver()
com.naruto.tpms.app.CoreBtService
com.naruto.tpms.app.CoreBtService: CoreBtService()
com.naruto.tpms.app.LanguageChangedReceiver
com.naruto.tpms.app.activity.BaseActivity
com.naruto.tpms.app.activity.BaseActivity: BaseActivity()
com.naruto.tpms.app.activity.BaseActivity: void onClick(android.view.View)
com.naruto.tpms.app.activity.EditActivity
com.naruto.tpms.app.activity.EditActivity: EditActivity()
com.naruto.tpms.app.activity.EditActivity: void onClick(android.view.View)
com.naruto.tpms.app.activity.EditActivity$3: void onClick(android.content.DialogInterface,int)
com.naruto.tpms.app.activity.EditActivity$4: void onClick(android.content.DialogInterface,int)
com.naruto.tpms.app.activity.MainActivity
com.naruto.tpms.app.activity.MainActivity: MainActivity()
com.naruto.tpms.app.activity.MainActivity: void onClick(android.view.View)
com.naruto.tpms.app.activity.MainActivity: void onClick(android.content.DialogInterface,int)
com.naruto.tpms.app.activity.ScanActivity
com.naruto.tpms.app.activity.ScanActivity: ScanActivity()
com.naruto.tpms.app.activity.ScanActivity: void onClick(android.view.View)
com.naruto.tpms.app.activity.SettingActivity
com.naruto.tpms.app.activity.SettingActivity: SettingActivity()
com.naruto.tpms.app.activity.SettingActivity: void onClick(android.view.View)
com.naruto.tpms.app.activity.SettingActivity: void onClick(android.content.DialogInterface,int)
com.naruto.tpms.app.activity.WelcomeActivity
com.naruto.tpms.app.activity.WelcomeActivity: WelcomeActivity()
com.naruto.tpms.app.bean.DeviceBind
com.naruto.tpms.app.bean.DeviceBind: int deviceId
com.naruto.tpms.app.bean.DeviceBind: java.lang.String btMac
com.naruto.tpms.app.bean.DeviceBind: java.lang.String btName
com.naruto.tpms.app.bean.DeviceBind: DeviceBind()
com.naruto.tpms.app.comm.AppContext
com.naruto.tpms.app.comm.AppContext: AppContext()
com.naruto.tpms.app.weight.FullHeightGridView
com.naruto.tpms.app.weight.FullHeightGridView: FullHeightGridView(android.content.Context,android.util.AttributeSet)
com.naruto.tpms.app.weight.FullHeightGridView: FullHeightGridView(android.content.Context,android.util.AttributeSet,int)
com.naruto.tpms.app.weight.MarqueeText
com.naruto.tpms.app.weight.MarqueeText: MarqueeText(android.content.Context,android.util.AttributeSet)
com.naruto.tpms.app.weight.MarqueeText: MarqueeText(android.content.Context,android.util.AttributeSet,int)
com.naruto.tpms.app.weight.MarqueeTextView
com.naruto.tpms.app.weight.MarqueeTextView: MarqueeTextView(android.content.Context)
com.naruto.tpms.app.weight.MarqueeTextView: MarqueeTextView(android.content.Context,android.util.AttributeSet)
com.naruto.tpms.app.weight.MarqueeTextView: MarqueeTextView(android.content.Context,android.util.AttributeSet,int)
com.naruto.tpms.app.weight.MySeekBar
com.naruto.tpms.app.weight.MySeekBar: MySeekBar(android.content.Context)
com.naruto.tpms.app.weight.MySeekBar: MySeekBar(android.content.Context,android.util.AttributeSet)
com.naruto.tpms.app.weight.MySeekBar: MySeekBar(android.content.Context,android.util.AttributeSet,int)
com.naruto.tpms.app.weight.SwitchButton
com.naruto.tpms.app.weight.SwitchButton: SwitchButton(android.content.Context,android.util.AttributeSet)
com.naruto.tpms.app.weight.SwitchButton: SwitchButton(android.content.Context)
com.naruto.tpms.app.weight.SwitchButton: SwitchButton(android.content.Context,android.util.AttributeSet,int)