proguard/usage.txt
com.naruto.tpms.app.BTService:
    private static final java.lang.String TAG
    public static final int MSG_TOAST
    public static final int MSG_READ
    public static final int MSG_CONNECTED
    public static final int MSG_CONNECTING
    public static final int MSG_WRITE
    public static final int MSG_CONNECTED_FAIL
    public static final int MSG_CONNECTED_LOST
    public static final int STATE_NONE
    public static final int STATE_LISTEN
    public static final int STATE_CONNECTING
    public static final int STATE_CONNECTED
com.naruto.tpms.app.BuildConfig
com.naruto.tpms.app.CoreBtService:
    public static final java.lang.String TAG
    public static final int MSG_AUTO_REFRESH_VIEW
    public static final java.lang.String BROADCAST_CONNECTED
    public static final java.lang.String BROADCAST_CONNECTING
    public static final java.lang.String BROADCAST_CONNECTFAIL
    public static final java.lang.String BROADCAST_CONNECTLOST
    public static final java.lang.String BROADCAST_READ
    public static final java.lang.String BROADCAST_WRITE
    public static final java.lang.String BROADCAST_UPDATE_SETTINGS
    public static final java.lang.String BROADCAST_TOAST
    public static final java.lang.String BROADCAST_RECONNECT
    public static final java.lang.String BROADCAST_DISCONNECT
    private static final int FOREGROUND_ID
com.naruto.tpms.app.R
com.naruto.tpms.app.R$anim
com.naruto.tpms.app.R$array
com.naruto.tpms.app.R$attr
com.naruto.tpms.app.R$color
com.naruto.tpms.app.R$dimen
com.naruto.tpms.app.R$drawable
com.naruto.tpms.app.R$id
com.naruto.tpms.app.R$layout
com.naruto.tpms.app.R$raw
com.naruto.tpms.app.R$string
com.naruto.tpms.app.R$style
com.naruto.tpms.app.Test
com.naruto.tpms.app.activity.EditActivity:
    public static final java.lang.String EXTRA_MODE
    public static final int MODE_STUDY
    public static final int MODE_SWITCH
com.naruto.tpms.app.activity.MainActivity:
    public static final int MSG_AUTO_REFRESH_VIEW
com.naruto.tpms.app.activity.WelcomeActivity:
    59:73:private void checkDate()
com.naruto.tpms.app.activity.WelcomeActivity$3
com.naruto.tpms.app.adapter.TireDataAdapter
com.naruto.tpms.app.adapter.TireDataAdapter$ViewHolder
com.naruto.tpms.app.adapter.TireEditAdapter
com.naruto.tpms.app.adapter.TireEditAdapter$ViewHolder
com.naruto.tpms.app.bean.Light
com.naruto.tpms.app.comm.AppManager:
    52:53:public android.app.Activity currentActivity()
    60:62:public void finishActivity()
    79:84:public void finishActivity(java.lang.Class)
com.naruto.tpms.app.comm.Commend:
    8:8:public Commend()
com.naruto.tpms.app.comm.Commend$RX
com.naruto.tpms.app.comm.Commend$TX:
    14:14:public Commend$TX()
com.naruto.tpms.app.comm.Constants:
    public static final java.lang.String PREF_NAME_SETTING
    public static final java.lang.String SETTING_MAC
    public static final java.lang.String SETTING_NAME
    public static final java.lang.String SETTING_PRESSURE_UNIT
    public static final java.lang.String SETTING_TEMPERATURE_UNIT
    public static final java.lang.String SETTING_HIGH_PRESSURE
    public static final java.lang.String SETTING_LOCAL
    public static final java.lang.String SETTING_LOW_PRESSURE
    public static final java.lang.String SETTING_HIGH_TEMPRATURE
    public static final java.lang.String SETTING_IS_ALARM_ON
    public static final java.lang.String SETTING_IS_SCREEN_KEEP
    public static final java.lang.String SETTING_IS_AUTO_BOOT
    public static final float HIGH_PRESSURE_MIN
    public static final float HIGH_PRESSURE_MAX
    public static final float HIGH_PRESSURE_STEUP
    public static final float LOW_PRESSURE_MIN
    public static final float LOW_PRESSURE_MAX
    public static final float LOW_PRESSURE_STEUP
    public static final float HIGH_TEMPRATURE_MIN
    public static final float HIGH_TEMPRATURE_MAX
    public static final float HIGH_TEMPRATURE_STEUP
    5:5:public Constants()
com.naruto.tpms.app.comm.SntpClient
com.naruto.tpms.app.comm.orm.AbBasicDBDao
...
android.app.ActivityManagerNative
android.app.IActivityManager